#
# A fatal error has been detected by the Java Runtime Environment:
#
#  SIGBUS (0x7) at pc=0x00007f9e21b2feed, pid=7089, tid=0x00007f9e251b8700
#
# JRE version: OpenJDK Runtime Environment (8.0_131-b11) (build 1.8.0_131-8u131-b11-2ubuntu1.16.04.3-b11)
# Java VM: OpenJDK 64-Bit Server VM (25.131-b11 mixed mode linux-amd64 compressed oops)
# Problematic frame:
# C  [libzip.so+0x4eed]
#
# Failed to write core dump. Core dumps have been disabled. To enable core dumping, try "ulimit -c unlimited" before starting Java again
#
# If you would like to submit a bug report, please visit:
#   http://bugreport.java.com/bugreport/crash.jsp
# The crash happened outside the Java Virtual Machine in native code.
# See problematic frame for where to report the bug.
#

---------------  T H R E A D  ---------------

Current thread (0x00007f9e1c00a000):  JavaThread "main" [_thread_in_native, id=7093, stack(0x00007f9e250b8000,0x00007f9e251b9000)]

siginfo: si_signo: 7 (SIGBUS), si_code: 2 (BUS_ADRERR), si_addr: 0x00007f9e24fd8074

Registers:
RAX=0x00007f9e1c24f980, RBX=0x00007f9e1c1dc900, RCX=0x00007f9e24fd8054, RDX=0x00007f9e1c24f980
RSP=0x00007f9e251b6fc0, RBP=0x00007f9e251b7030, RSI=0x00000000000000fc, RDI=0x0000000000000010
R8 =0x00007f9e1c000798, R9 =0x00007f9e24354040, R10=0x00007f9e0d131098, R11=0x00000000ebe63de8
R12=0x00007f9e1c1d5df8, R13=0x00007f9e251b70af, R14=0x00007f9e1c463870, R15=0x00007f9e1c24f980
RIP=0x00007f9e21b2feed, EFLAGS=0x0000000000010202, CSGSFS=0x0000000000000033, ERR=0x0000000000000004
  TRAPNO=0x000000000000000e

Top of Stack: (sp=0x00007f9e251b6fc0)
0x00007f9e251b6fc0:   00007f9e1c00a000 00007f9e251b7378
0x00007f9e251b6fd0:   00007f9e251b7410 00007f9e1c00a000
0x00007f9e251b6fe0:   00007f9e251b7040 00007f9e23dc5045
0x00007f9e251b6ff0:   000000001c00a000 00007f9e23cd5370
0x00007f9e251b7000:   0000000000000010 00007f9e1c1d5df0
0x00007f9e251b7010:   000000004eecb6d3 00007f9e251b70af
0x00007f9e251b7020:   00007f9e1c463870 00007f9e1c1dc900
0x00007f9e251b7030:   00007f9e251b7080 00007f9e21b30c84
0x00007f9e251b7040:   00007f9e251b70a0 0000001000885b00
0x00007f9e251b7050:   00007f9e251b7080 0000000000000010
0x00007f9e251b7060:   00007f9e1c00a1e0 00000000edf89af0
0x00007f9e251b7070:   00007f9e251b74f8 00007f9e1c1dc900
0x00007f9e251b7080:   00007f9e251b74e0 00007f9e21b2ebec
0x00007f9e251b7090:   00007f9e251b70a0 0000000000000000
0x00007f9e251b70a0:   73706f7250636f64 6c6d782e7070612f
0x00007f9e251b70b0:   0000000000000000 0000000000000000
0x00007f9e251b70c0:   0000000000000000 0000000000000000
0x00007f9e251b70d0:   9000000000000000 0000000000004004
0x00007f9e251b70e0:   e5585fd151001191 0000000000004000
0x00007f9e251b70f0:   0000000000000000 0000000000000000
0x00007f9e251b7100:   0000000000000000 0000000000000000
0x00007f9e251b7110:   4070000000000000 00007f9e251b7160
0x00007f9e251b7120:   00007f9e23a79e7a 0000002900000000
0x00007f9e251b7130:   00007f9e25031330 0000000100069c28
0x00007f9e251b7140:   00007f9e25031330 00007f9e2504a530
0x00007f9e251b7150:   00007f9e20aa0f78 00007f9e1c00a000
0x00007f9e251b7160:   00007f9e251b7190 00007f9e23a7a0af
0x00007f9e251b7170:   0000000100069c28 00007f9e251b7540
0x00007f9e251b7180:   00007f9e2504a530 00007f9e25031330
0x00007f9e251b7190:   00007f9e251b7200 00007f9e23be0def
0x00007f9e251b71a0:   3b3e3b6500000001 00007f9e1c00aad0
0x00007f9e251b71b0:   01726f7461657243 6572437465730a00 

Instructions: (pc=0x00007f9e21b2feed)
0x00007f9e21b2fecd:   40 30 00 00 00 00 48 c7 40 28 00 00 00 00 0f 84
0x00007f9e21b2fedd:   bf 01 00 00 49 8b 0c 24 48 2b 4b 28 48 03 4b 18
0x00007f9e21b2feed:   0f b7 41 20 44 0f b7 69 1c 49 89 ce 44 0f b7 61
0x00007f9e21b2fefd:   1e 89 45 c0 41 8b 46 0c 48 c7 45 c8 00 00 00 00 

Register to memory mapping:

RAX=0x00007f9e1c24f980 is an unknown value
RBX=0x00007f9e1c1dc900 is an unknown value
RCX=0x00007f9e24fd8054 is an unknown value
RDX=0x00007f9e1c24f980 is an unknown value
RSP=0x00007f9e251b6fc0 is pointing into the stack for thread: 0x00007f9e1c00a000
RBP=0x00007f9e251b7030 is pointing into the stack for thread: 0x00007f9e1c00a000
RSI=0x00000000000000fc is an unknown value
RDI=0x0000000000000010 is an unknown value
R8 =0x00007f9e1c000798 is an unknown value
R9 =0x00007f9e24354040: <offset 0xef7040> in /usr/lib/jvm/java-8-openjdk-amd64/jre/lib/amd64/server/libjvm.so at 0x00007f9e2345d000
R10=0x00007f9e0d131098 is at entry_point+88 in (nmethod*)0x00007f9e0d130ed0
R11=0x00000000ebe63de8 is an oop
